Processing 10000 prescriptions...
  Processed 1000 prescriptions...
  Processed 2000 prescriptions...
  Processed 3000 prescriptions...
  Processed 4000 prescriptions...
  Processed 5000 prescriptions...
  Processed 6000 prescriptions...
  Processed 7000 prescriptions...
  Processed 8000 prescriptions...
  Processed 9000 prescriptions...
  Processed 10000 prescriptions...
Completed! Saving to advanced_output.json...
Done!

======================================================================
NULL COUNT SUMMARY
======================================================================
Field                | Null Count   | Null %  
----------------------------------------------------------------------
medicine_name        | 20           |   0.20%
form                 | 3293         |  32.93%
strength             | 186          |   1.86%
dosage               | 3757         |  37.57%
frequency            | 449          |   4.49%
duration             | 5458         |  54.58%
notes                | 2401         |  24.01%
======================================================================

Total records processed: 10000
